<?xml version="1.0" encoding="UTF-8"?>
<!-- Generated by org.testng.reporters.JUnitReportReporter -->
<testsuite hostname="LAPTOP-VFKJ2SC9" failures="0" tests="1" name="Selenium.ExtentReports.ExtentReportsDemo" time="11.235" errors="0" timestamp="2022-10-15T19:09:08 IST" skipped="0">
  <testcase classname="Selenium.ExtentReports.ExtentReportsDemo" name="intializeDemo" time="11.235"/>
  <system-out/>
</testsuite> <!-- Selenium.ExtentReports.ExtentReportsDemo -->
